<?xml version="1.0" encoding="UTF-8"?>
<!-- Generated by org.testng.reporters.JUnitReportReporter -->
<testsuite hostname="DESKTOP-3EF5K2Q" failures="0" tests="1" name="com.TestNGDemos.TestNG1" time="0.012" errors="0" timestamp="09 Mar 2024 04:23:05 GMT" skipped="0">
  <testcase classname="com.TestNGDemos.TestNG1" name="demo" time="0.012"/>
</testsuite> <!-- com.TestNGDemos.TestNG1 -->
