<?xml version="1.0" encoding="UTF-8"?>
<!-- Generated by org.testng.reporters.JUnitReportReporter -->
<testsuite hostname="DESKTOP-3EF5K2Q" failures="0" tests="1" name="com.TestNGDemos.excel1" time="0.061" errors="0" timestamp="12 Mar 2024 14:43:11 GMT" skipped="0">
  <testcase classname="com.TestNGDemos.excel1" name="WriteToExcel" time="0.061"/>
</testsuite> <!-- com.TestNGDemos.excel1 -->
