<?xml version="1.0" encoding="UTF-8"?>
<!-- Generated by org.testng.reporters.JUnitReportReporter -->
<testsuite hostname="DESKTOP-3EF5K2Q" failures="0" tests="1" name="com.TestNGDemos.POMAssignment2_Client" time="1.513" errors="0" timestamp="16 Mar 2024 05:13:06 GMT" skipped="0">
  <testcase classname="com.TestNGDemos.POMAssignment2_Client" name="login" time="1.513"/>
</testsuite> <!-- com.TestNGDemos.POMAssignment2_Client -->
