<?xml version="1.0" encoding="UTF-8"?>
<!-- Generated by org.testng.reporters.JUnitReportReporter -->
<testsuite hostname="DESKTOP-3EF5K2Q" failures="0" tests="1" name="com.TestNGDemos.TASS1" time="6.993" errors="0" timestamp="25 Mar 2024 06:54:39 GMT" skipped="0">
  <testcase classname="com.TestNGDemos.TASS1" name="login" time="6.993"/>
</testsuite> <!-- com.TestNGDemos.TASS1 -->
