<?xml version="1.0" encoding="UTF-8"?>
<!-- Generated by org.testng.reporters.JUnitReportReporter -->
<testsuite hostname="DESKTOP-3EF5K2Q" failures="0" tests="4" name="com.TestNGDemos.amazonTest1" time="21.446" errors="0" timestamp="11 Mar 2024 12:29:05 GMT" skipped="0">
  <testcase classname="com.TestNGDemos.amazonTest1" name="clickOnBestSellers" time="4.781"/>
  <testcase classname="com.TestNGDemos.amazonTest1" name="clickOnMobiles" time="3.664"/>
  <testcase classname="com.TestNGDemos.amazonTest1" name="clickOnTodaysDeal" time="3.522"/>
  <testcase classname="com.TestNGDemos.amazonTest1" name="clickOnElectronics" time="9.479"/>
</testsuite> <!-- com.TestNGDemos.amazonTest1 -->
